==================== 2026-06-28T06:09:52.530851Z | 00000000-0000-0000-0000-000000000000 ====================
==================== 2026-06-28T06:09:52.537352Z | edd9bdc6-eea0-4fb6-afca-f1b6aa5eb65e ====================
06:09:52.537985 [info ]: Starting dbt LSP server
06:09:52.538952 [info ]: Connecting to LSP client on port 8000
06:09:52.543823 [info ]: Successfully connected to LSP client
06:09:52.544094 [info ]: Creating LSP service...
06:09:52.660360 [info ]: Creating LSP server...
06:09:52.660381 [info ]: Starting LSP server...
==================== 2026-06-29T02:15:08.000431Z | 00000000-0000-0000-0000-000000000000 ====================
==================== 2026-06-29T02:15:08.001963Z | 83447b7e-bb10-4d9c-a67c-649e4f601254 ====================
02:15:08.002524 [info ]: Starting dbt LSP server
02:15:08.003739 [info ]: Connecting to LSP client on port 8000
02:15:08.009489 [info ]: Successfully connected to LSP client
02:15:08.009789 [info ]: Creating LSP service...
02:15:08.206180 [info ]: Creating LSP server...
02:15:08.206213 [info ]: Starting LSP server...
==================== 2026-06-30T05:17:21.438754Z | 00000000-0000-0000-0000-000000000000 ====================
==================== 2026-06-30T05:17:21.445653Z | f9d99ce0-4119-4594-8c2b-8af01e11fe27 ====================
05:17:21.446423 [info ]: Starting dbt LSP server
05:17:21.447357 [info ]: Connecting to LSP client on port 8000
05:17:21.450813 [info ]: Successfully connected to LSP client
05:17:21.451088 [info ]: Creating LSP service...
05:17:21.618366 [info ]: Creating LSP server...
05:17:21.618388 [info ]: Starting LSP server...
05:22:36.035426 [info ]: Started loading project
05:22:36.047465 [info ]: Finished loading project [  0.01s]
05:24:35.207614 [info ]: Started loading project
05:24:35.208166 [info ]: Finished loading project [  0.00s]
05:25:28.545475 [info ]: Started loading project
05:25:28.546083 [info ]: Finished loading project [  0.00s]
06:08:46.164877 [info ]: Started loading project
06:08:46.178077 [info ]: Finished loading project [  0.01s]
==================== 2026-07-02T07:15:26.503454Z | 00000000-0000-0000-0000-000000000000 ====================
==================== 2026-07-02T07:15:26.508611Z | 0291c6d2-aea8-4021-9a47-88df27a8f33e ====================
07:15:26.509035 [info ]: Starting dbt LSP server
07:15:26.510612 [info ]: Connecting to LSP client on port 8000
07:15:26.514943 [info ]: Successfully connected to LSP client
07:15:26.515221 [info ]: Creating LSP service...
07:15:26.704678 [info ]: Creating LSP server...
07:15:26.704758 [info ]: Starting LSP server...
==================== 2026-07-02T07:23:24.377859Z | 00000000-0000-0000-0000-000000000000 ====================
==================== 2026-07-02T07:23:24.393703Z | 48cb86ea-820a-4ac3-8553-63c1999578f9 ====================
07:23:24.399220 [info ]: Starting dbt LSP server
07:23:24.401165 [info ]: Connecting to LSP client on port 8000
07:23:24.410116 [info ]: Successfully connected to LSP client
07:23:24.410373 [info ]: Creating LSP service...
07:23:24.753261 [info ]: Creating LSP server...
07:23:24.753320 [info ]: Starting LSP server...
08:32:53.395852 [info ]: Started loading project
08:32:53.414150 [info ]: Finished loading project [  0.02s]
